# JRE version: OpenJDK Runtime Environment (8.0_242-b01) (build 1.8.0_242-release-1644-b01)
# Java VM: OpenJDK 64-Bit Server VM (25.242-b01 mixed mode windows-amd64 compressed oops)
Heap:
 PSYoungGen      total 642048K, used 88498K [0x00000000d5580000, 0x00000000ff900000, 0x0000000100000000)
  eden space 617472K, 10% used [0x00000000d5580000,0x00000000d94240e0,0x00000000fb080000)
  from space 24576K, 99% used [0x00000000fe100000,0x00000000ff8c8a38,0x00000000ff900000)
  to   space 33792K, 0% used [0x00000000fb700000,0x00000000fb700000,0x00000000fd800000)
 ParOldGen       total 112640K, used 58496K [0x0000000080000000, 0x0000000086e00000, 0x00000000d5580000)
  object space 112640K, 51% used [0x0000000080000000,0x0000000083920238,0x0000000086e00000)
 Metaspace       used 88020K, capacity 92202K, committed 92336K, reserved 1130496K
  class space    used 11333K, capacity 12204K, committed 12208K, reserved 1048576K
GC Heap History (10 events):
Event: 17.553 GC heap before
{Heap before GC invocations=11 (full 2):
 PSYoungGen      total 407552K, used 75024K [0x00000000d5580000, 0x00000000f1280000, 0x0000000100000000)
  eden space 392192K, 15% used [0x00000000d5580000,0x00000000d8fc4958,0x00000000ed480000)
  from space 15360K, 99% used [0x00000000eea00000,0x00000000ef8ffa20,0x00000000ef900000)
  to   space 22016K, 0% used [0x00000000ed480000,0x00000000ed480000,0x00000000eea00000)
 ParOldGen       total 76800K, used 24755K [0x0000000080000000, 0x0000000084b00000, 0x00000000d5580000)
  object space 76800K, 32% used [0x0000000080000000,0x000000008182cf18,0x0000000084b00000)
 Metaspace       used 56975K, capacity 59076K, committed 59160K, reserved 1099776K
  class space    used 7603K, capacity 8086K, committed 8112K, reserved 1048576K
Event: 17.577 GC heap after
Heap after GC invocations=11 (full 2):
 PSYoungGen      total 414208K, used 19782K [0x00000000d5580000, 0x00000000f8100000, 0x0000000100000000)
  eden space 392192K, 0% used [0x00000000d5580000,0x00000000d5580000,0x00000000ed480000)
  from space 22016K, 89% used [0x00000000ed480000,0x00000000ee7d1818,0x00000000eea00000)
  to   space 24576K, 0% used [0x00000000f6900000,0x00000000f6900000,0x00000000f8100000)
 ParOldGen       total 76800K, used 24827K [0x0000000080000000, 0x0000000084b00000, 0x00000000d5580000)
  object space 76800K, 32% used [0x0000000080000000,0x000000008183ef28,0x0000000084b00000)
 Metaspace       used 56975K, capacity 59076K, committed 59160K, reserved 1099776K
  class space    used 7603K, capacity 8086K, committed 8112K, reserved 1048576K
}
Event: 17.577 GC heap before
{Heap before GC invocations=12 (full 3):
 PSYoungGen      total 414208K, used 19782K [0x00000000d5580000, 0x00000000f8100000, 0x0000000100000000)
  eden space 392192K, 0% used [0x00000000d5580000,0x00000000d5580000,0x00000000ed480000)
  from space 22016K, 89% used [0x00000000ed480000,0x00000000ee7d1818,0x00000000eea00000)
  to   space 24576K, 0% used [0x00000000f6900000,0x00000000f6900000,0x00000000f8100000)
 ParOldGen       total 76800K, used 24827K [0x0000000080000000, 0x0000000084b00000, 0x00000000d5580000)
  object space 76800K, 32% used [0x0000000080000000,0x000000008183ef28,0x0000000084b00000)
 Metaspace       used 56975K, capacity 59076K, committed 59160K, reserved 1099776K
  class space    used 7603K, capacity 8086K, committed 8112K, reserved 1048576K
Event: 17.797 GC heap after
Heap after GC invocations=12 (full 3):
 PSYoungGen      total 414208K, used 0K [0x00000000d5580000, 0x00000000f8100000, 0x0000000100000000)
  eden space 392192K, 0% used [0x00000000d5580000,0x00000000d5580000,0x00000000ed480000)
  from space 22016K, 0% used [0x00000000ed480000,0x00000000ed480000,0x00000000eea00000)
  to   space 24576K, 0% used [0x00000000f6900000,0x00000000f6900000,0x00000000f8100000)
 ParOldGen       total 112640K, used 32286K [0x0000000080000000, 0x0000000086e00000, 0x00000000d5580000)
  object space 112640K, 28% used [0x0000000080000000,0x0000000081f87818,0x0000000086e00000)
 Metaspace       used 56899K, capacity 58872K, committed 59160K, reserved 1099776K
  class space    used 7584K, capacity 8064K, committed 8112K, reserved 1048576K
}
Event: 92.316 GC heap before
{Heap before GC invocations=13 (full 3):
 PSYoungGen      total 414208K, used 392192K [0x00000000d5580000, 0x00000000f8100000, 0x0000000100000000)
  eden space 392192K, 100% used [0x00000000d5580000,0x00000000ed480000,0x00000000ed480000)
  from space 22016K, 0% used [0x00000000ed480000,0x00000000ed480000,0x00000000eea00000)
  to   space 24576K, 0% used [0x00000000f6900000,0x00000000f6900000,0x00000000f8100000)
 ParOldGen       total 112640K, used 32286K [0x0000000080000000, 0x0000000086e00000, 0x00000000d5580000)
  object space 112640K, 28% used [0x0000000080000000,0x0000000081f87818,0x0000000086e00000)
 Metaspace       used 75083K, capacity 77934K, committed 78000K, reserved 1116160K
  class space    used 10057K, capacity 10642K, committed 10672K, reserved 1048576K
Event: 92.368 GC heap after
Heap after GC invocations=13 (full 3):
 PSYoungGen      total 532992K, used 24564K [0x00000000d5580000, 0x00000000f8400000, 0x0000000100000000)
  eden space 508416K, 0% used [0x00000000d5580000,0x00000000d5580000,0x00000000f4600000)
  from space 24576K, 99% used [0x00000000f6900000,0x00000000f80fd1d8,0x00000000f8100000)
  to   space 31744K, 0% used [0x00000000f4600000,0x00000000f4600000,0x00000000f6500000)
 ParOldGen       total 112640K, used 40763K [0x0000000080000000, 0x0000000086e00000, 0x00000000d5580000)
  object space 112640K, 36% used [0x0000000080000000,0x00000000827ceed0,0x0000000086e00000)
 Metaspace       used 75083K, capacity 77934K, committed 78000K, reserved 1116160K
  class space    used 10057K, capacity 10642K, committed 10672K, reserved 1048576K
}
Event: 349.099 GC heap before
{Heap before GC invocations=14 (full 3):
 PSYoungGen      total 532992K, used 532980K [0x00000000d5580000, 0x00000000f8400000, 0x0000000100000000)
  eden space 508416K, 100% used [0x00000000d5580000,0x00000000f4600000,0x00000000f4600000)
  from space 24576K, 99% used [0x00000000f6900000,0x00000000f80fd1d8,0x00000000f8100000)
  to   space 31744K, 0% used [0x00000000f4600000,0x00000000f4600000,0x00000000f6500000)
 ParOldGen       total 112640K, used 40763K [0x0000000080000000, 0x0000000086e00000, 0x00000000d5580000)
  object space 112640K, 36% used [0x0000000080000000,0x00000000827ceed0,0x0000000086e00000)
 Metaspace       used 82916K, capacity 86360K, committed 86576K, reserved 1124352K
  class space    used 10769K, capacity 11503K, committed 11568K, reserved 1048576K
Event: 349.134 GC heap after
Heap after GC invocations=14 (full 3):
 PSYoungGen      total 540160K, used 18425K [0x00000000d5580000, 0x0000000100000000, 0x0000000100000000)
  eden space 508416K, 0% used [0x00000000d5580000,0x00000000d5580000,0x00000000f4600000)
  from space 31744K, 58% used [0x00000000f4600000,0x00000000f57fe590,0x00000000f6500000)
  to   space 31744K, 0% used [0x00000000fe100000,0x00000000fe100000,0x0000000100000000)
 ParOldGen       total 112640K, used 58488K [0x0000000080000000, 0x0000000086e00000, 0x00000000d5580000)
  object space 112640K, 51% used [0x0000000080000000,0x000000008391e238,0x0000000086e00000)
 Metaspace       used 82916K, capacity 86360K, committed 86576K, reserved 1124352K
  class space    used 10769K, capacity 11503K, committed 11568K, reserved 1048576K
}
Event: 4137.209 GC heap before
{Heap before GC invocations=15 (full 3):
 PSYoungGen      total 540160K, used 526841K [0x00000000d5580000, 0x0000000100000000, 0x0000000100000000)
  eden space 508416K, 100% used [0x00000000d5580000,0x00000000f4600000,0x00000000f4600000)
  from space 31744K, 58% used [0x00000000f4600000,0x00000000f57fe590,0x00000000f6500000)
  to   space 31744K, 0% used [0x00000000fe100000,0x00000000fe100000,0x0000000100000000)
 ParOldGen       total 112640K, used 58488K [0x0000000080000000, 0x0000000086e00000, 0x00000000d5580000)
  object space 112640K, 51% used [0x0000000080000000,0x000000008391e238,0x0000000086e00000)
 Metaspace       used 87918K, capacity 92004K, committed 92080K, reserved 1128448K
  class space    used 11327K, capacity 12193K, committed 12208K, reserved 1048576K
Event: 4139.914 GC heap after
Heap after GC invocations=15 (full 3):
 PSYoungGen      total 642048K, used 24354K [0x00000000d5580000, 0x00000000ff900000, 0x0000000100000000)
  eden space 617472K, 0% used [0x00000000d5580000,0x00000000d5580000,0x00000000fb080000)
  from space 24576K, 99% used [0x00000000fe100000,0x00000000ff8c8a38,0x00000000ff900000)
  to   space 33792K, 0% used [0x00000000fb700000,0x00000000fb700000,0x00000000fd800000)
 ParOldGen       total 112640K, used 58496K [0x0000000080000000, 0x0000000086e00000, 0x00000000d5580000)
  object space 112640K, 51% used [0x0000000080000000,0x0000000083920238,0x0000000086e00000)
 Metaspace       used 87918K, capacity 92004K, committed 92080K, reserved 1128448K
  class space    used 11327K, capacity 12193K, committed 12208K, reserved 1048576K
}

